SF:lib/app.dart
DA:6,1
DA:8,1
DA:10,1
DA:12,1
DA:13,1
LF:5
LH:5
end_of_record
SF:lib/app/commons/context_ext.dart
DA:4,0
DA:6,0
DA:8,0
LF:3
LH:0
end_of_record
SF:lib/app/core/errors/exceptions/expire_token_interceptor.dart
DA:3,0
LF:1
LH:0
end_of_record
SF:lib/app/core/errors/exceptions/server.dart
DA:3,0
LF:1
LH:0
end_of_record
SF:lib/app/core/errors/exceptions/too_many_requests.dart
DA:3,0
LF:1
LH:0
end_of_record
SF:lib/app/core/errors/failures/failure.dart
DA:2,0
LF:1
LH:0
end_of_record
SF:lib/app/core/errors/failures/server_failure.dart
DA:4,0
LF:1
LH:0
end_of_record
SF:lib/app/core/rest_client/rest_client_response.dart
DA:2,0
LF:1
LH:0
end_of_record
SF:lib/app/core/ui/styles/app_borders.dart
DA:4,2
DA:5,1
DA:6,1
LF:3
LH:3
end_of_record
SF:lib/app/core/ui/theme/app_theme.dart
DA:5,0
DA:6,2
DA:11,3
LF:3
LH:2
end_of_record
SF:lib/features/home/presenter/pages/home_page.dart
DA:4,0
DA:6,0
DA:8,0
DA:9,0
DA:12,0
LF:5
LH:0
end_of_record
SF:lib/features/login/data/datasources/do_login_data_source_api.dart
DA:7,0
DA:11,0
DA:17,0
DA:19,0
DA:24,0
DA:26,0
LF:6
LH:0
end_of_record
SF:lib/features/login/data/models/user_model.dart
DA:6,0
DA:13,0
DA:14,0
DA:15,0
DA:16,0
DA:17,0
DA:18,0
DA:22,0
DA:23,0
DA:24,0
DA:25,0
DA:26,0
DA:27,0
DA:31,0
DA:32,0
DA:33,0
DA:34,0
DA:35,0
DA:36,0
DA:40,0
DA:42,0
DA:43,0
LF:22
LH:0
end_of_record
SF:lib/features/login/domain/entities/user.dart
DA:9,0
DA:16,0
DA:17,0
LF:3
LH:0
end_of_record
SF:lib/features/login/domain/usecases/do_login.dart
DA:5,0
LF:1
LH:0
end_of_record
SF:lib/features/login/presenter/pages/login_page.dart
DA:7,2
DA:15,1
DA:17,1
DA:18,1
DA:19,1
DA:20,1
DA:21,1
DA:25,1
DA:27,1
DA:30,1
DA:40,1
DA:43,2
DA:45,0
DA:46,0
DA:51,1
DA:55,1
DA:56,0
DA:57,0
DA:60,1
DA:61,0
DA:63,0
DA:64,0
DA:65,0
DA:67,0
DA:86,0
DA:87,0
DA:88,0
LF:27
LH:15
end_of_record
SF:lib/features/login/presenter/widgets/custom_text_form_field.dart
DA:15,1
DA:25,1
DA:27,1
DA:28,1
DA:35,1
DA:37,1
DA:38,3
DA:41,1
DA:43,1
DA:45,1
DA:46,2
DA:47,2
DA:49,2
DA:50,1
DA:51,2
DA:52,1
DA:56,2
DA:59,3
DA:66,1
DA:67,1
DA:68,1
DA:69,1
DA:70,1
DA:71,1
LF:24
LH:24
end_of_record
SF:lib/features/login/presenter/widgets/enter_button.dart
DA:6,1
DA:8,1
DA:10,1
DA:13,1
DA:15,1
LF:5
LH:5
end_of_record
